<?xml version="1.0" encoding="UTF-8"?>
<testsuite name="com.kjh.webservice.ApplicationTests" tests="1" skipped="0" failures="0" errors="0" timestamp="2020-07-23T06:02:59" hostname="DESKTOP-DHKETCV" time="0.015">
  <properties/>
  <testcase name="contextLoads()" classname="com.kjh.webservice.ApplicationTests" time="0.015"/>
  <system-out><![CDATA[2020-07-23 15:02:59.021  INFO 10872 --- [    Test worker] .b.t.c.SpringBootTestContextBootstrapper : Neither @ContextConfiguration nor @ContextHierarchy found for test class [com.kjh.webservice.ApplicationTests], using SpringBootContextLoader
2020-07-23 15:02:59.023  INFO 10872 --- [    Test worker] o.s.t.c.support.AbstractContextLoader    : Could not detect default resource locations for test class [com.kjh.webservice.ApplicationTests]: no resource found for suffixes {-context.xml, Context.groovy}.
2020-07-23 15:02:59.023  INFO 10872 --- [    Test worker] t.c.s.AnnotationConfigContextLoaderUtils : Could not detect default configuration classes for test class [com.kjh.webservice.ApplicationTests]: ApplicationTests does not declare any static, non-private, non-final, nested classes annotated with @Configuration.
2020-07-23 15:02:59.029  INFO 10872 --- [    Test worker] .b.t.c.SpringBootTestContextBootstrapper : Found @SpringBootConfiguration com.kjh.webservice.Application for test class com.kjh.webservice.ApplicationTests
2020-07-23 15:02:59.031  INFO 10872 --- [    Test worker] .b.t.c.SpringBootTestContextBootstrapper : Loaded default TestExecutionListener class names from location [META-INF/spring.factories]: [org.springframework.boot.test.autoconfigure.restdocs.RestDocsTestExecutionListener, org.springframework.boot.test.autoconfigure.web.client.MockRestServiceServerResetTestExecutionListener, org.springframework.boot.test.autoconfigure.web.servlet.MockMvcPrintOnlyOnFailureTestExecutionListener, org.springframework.boot.test.autoconfigure.web.servlet.WebDriverTestExecutionListener, org.springframework.boot.test.autoconfigure.webservices.client.MockWebServiceServerTestExecutionListener, org.springframework.boot.test.mock.mockito.MockitoTestExecutionListener, org.springframework.boot.test.mock.mockito.ResetMocksTestExecutionListener, org.springframework.test.context.web.ServletTestExecutionListener, org.springframework.test.context.support.DirtiesContextBeforeModesTestExecutionListener, org.springframework.test.context.support.DependencyInjectionTestExecutionListener, org.springframework.test.context.support.DirtiesContextTestExecutionListener, org.springframework.test.context.transaction.TransactionalTestExecutionListener, org.springframework.test.context.jdbc.SqlScriptsTestExecutionListener, org.springframework.test.context.event.EventPublishingTestExecutionListener]
2020-07-23 15:02:59.032  INFO 10872 --- [    Test worker] .b.t.c.SpringBootTestContextBootstrapper : Using TestExecutionListeners: [org.springframework.test.context.web.ServletTestExecutionListener@3e26f22, org.springframework.test.context.support.DirtiesContextBeforeModesTestExecutionListener@60e42f95, org.springframework.boot.test.mock.mockito.MockitoTestExecutionListener@5a5530f4, org.springframework.boot.test.autoconfigure.SpringBootDependencyInjectionTestExecutionListener@408a3ce8, org.springframework.test.context.support.DirtiesContextTestExecutionListener@5001c0a4, org.springframework.test.context.transaction.TransactionalTestExecutionListener@1158c5b6, org.springframework.test.context.jdbc.SqlScriptsTestExecutionListener@62f985f9, org.springframework.test.context.event.EventPublishingTestExecutionListener@73059832, org.springframework.boot.test.autoconfigure.restdocs.RestDocsTestExecutionListener@2ddf6216, org.springframework.boot.test.autoconfigure.web.client.MockRestServiceServerResetTestExecutionListener@7a7d676e, org.springframework.boot.test.autoconfigure.web.servlet.MockMvcPrintOnlyOnFailureTestExecutionListener@5405e395, org.springframework.boot.test.autoconfigure.web.servlet.WebDriverTestExecutionListener@b1e252f, org.springframework.boot.test.autoconfigure.webservices.client.MockWebServiceServerTestExecutionListener@5d072988, org.springframework.boot.test.mock.mockito.ResetMocksTestExecutionListener@4c507351]
]]></system-out>
  <system-err><![CDATA[]]></system-err>
</testsuite>
