<?xml version="1.0" encoding="UTF-8"?>
<testsuite name="com.kjh.webservice.domain.songs.SongsRepositoryTest" tests="2" skipped="0" failures="0" errors="0" timestamp="2020-07-26T13:06:14" hostname="v3ui-MacBook-Pro.local" time="0.017">
  <properties/>
  <testcase name="BaseTimeEntity_등록" classname="com.kjh.webservice.domain.songs.SongsRepositoryTest" time="0.008"/>
  <testcase name="노래저장_불러오기" classname="com.kjh.webservice.domain.songs.SongsRepositoryTest" time="0.008"/>
  <system-out><![CDATA[Hibernate: insert into songs (id, created_date, modified_date, artist, link, title, type, views) values (null, ?, ?, ?, ?, ?, ?, ?)
Hibernate: select songs0_.id as id1_0_, songs0_.created_date as created_2_0_, songs0_.modified_date as modified3_0_, songs0_.artist as artist4_0_, songs0_.link as link5_0_, songs0_.title as title6_0_, songs0_.type as type7_0_, songs0_.views as views8_0_ from songs songs0_
Hibernate: select songs0_.id as id1_0_, songs0_.created_date as created_2_0_, songs0_.modified_date as modified3_0_, songs0_.artist as artist4_0_, songs0_.link as link5_0_, songs0_.title as title6_0_, songs0_.type as type7_0_, songs0_.views as views8_0_ from songs songs0_
Hibernate: delete from songs where id=?
Hibernate: insert into songs (id, created_date, modified_date, artist, link, title, type, views) values (null, ?, ?, ?, ?, ?, ?, ?)
Hibernate: select songs0_.id as id1_0_, songs0_.created_date as created_2_0_, songs0_.modified_date as modified3_0_, songs0_.artist as artist4_0_, songs0_.link as link5_0_, songs0_.title as title6_0_, songs0_.type as type7_0_, songs0_.views as views8_0_ from songs songs0_
Hibernate: select songs0_.id as id1_0_, songs0_.created_date as created_2_0_, songs0_.modified_date as modified3_0_, songs0_.artist as artist4_0_, songs0_.link as link5_0_, songs0_.title as title6_0_, songs0_.type as type7_0_, songs0_.views as views8_0_ from songs songs0_
Hibernate: delete from songs where id=?
]]></system-out>
  <system-err><![CDATA[]]></system-err>
</testsuite>
