<?xml version="1.0" encoding="UTF-8"?>
<testsuite name="com.kjh.webservice.ApplicationTests" tests="1" skipped="0" failures="0" errors="0" timestamp="2020-07-30T05:01:18" hostname="DESKTOP-DHKETCV" time="0.014">
  <properties/>
  <testcase name="contextLoads()" classname="com.kjh.webservice.ApplicationTests" time="0.014"/>
  <system-out><![CDATA[2020-07-30 14:01:18.745  INFO 18228 --- [    Test worker] .b.t.c.SpringBootTestContextBootstrapper : Neither @ContextConfiguration nor @ContextHierarchy found for test class [com.kjh.webservice.ApplicationTests], using SpringBootContextLoader
2020-07-30 14:01:18.746  INFO 18228 --- [    Test worker] o.s.t.c.support.AbstractContextLoader    : Could not detect default resource locations for test class [com.kjh.webservice.ApplicationTests]: no resource found for suffixes {-context.xml, Context.groovy}.
2020-07-30 14:01:18.746  INFO 18228 --- [    Test worker] t.c.s.AnnotationConfigContextLoaderUtils : Could not detect default configuration classes for test class [com.kjh.webservice.ApplicationTests]: ApplicationTests does not declare any static, non-private, non-final, nested classes annotated with @Configuration.
2020-07-30 14:01:18.750  INFO 18228 --- [    Test worker] .b.t.c.SpringBootTestContextBootstrapper : Found @SpringBootConfiguration com.kjh.webservice.Application for test class com.kjh.webservice.ApplicationTests
2020-07-30 14:01:18.752  INFO 18228 --- [    Test worker] .b.t.c.SpringBootTestContextBootstrapper : Loaded default TestExecutionListener class names from location [META-INF/spring.factories]: [org.springframework.boot.test.autoconfigure.restdocs.RestDocsTestExecutionListener, org.springframework.boot.test.autoconfigure.web.client.MockRestServiceServerResetTestExecutionListener, org.springframework.boot.test.autoconfigure.web.servlet.MockMvcPrintOnlyOnFailureTestExecutionListener, org.springframework.boot.test.autoconfigure.web.servlet.WebDriverTestExecutionListener, org.springframework.boot.test.autoconfigure.webservices.client.MockWebServiceServerTestExecutionListener, org.springframework.boot.test.mock.mockito.MockitoTestExecutionListener, org.springframework.boot.test.mock.mockito.ResetMocksTestExecutionListener, org.springframework.test.context.web.ServletTestExecutionListener, org.springframework.test.context.support.DirtiesContextBeforeModesTestExecutionListener, org.springframework.test.context.support.DependencyInjectionTestExecutionListener, org.springframework.test.context.support.DirtiesContextTestExecutionListener, org.springframework.test.context.transaction.TransactionalTestExecutionListener, org.springframework.test.context.jdbc.SqlScriptsTestExecutionListener, org.springframework.test.context.event.EventPublishingTestExecutionListener]
2020-07-30 14:01:18.752  INFO 18228 --- [    Test worker] .b.t.c.SpringBootTestContextBootstrapper : Using TestExecutionListeners: [org.springframework.test.context.web.ServletTestExecutionListener@c3b39d, org.springframework.test.context.support.DirtiesContextBeforeModesTestExecutionListener@a22d19, org.springframework.boot.test.mock.mockito.MockitoTestExecutionListener@11ec9a5, org.springframework.boot.test.autoconfigure.SpringBootDependencyInjectionTestExecutionListener@2a5b2f, org.springframework.test.context.support.DirtiesContextTestExecutionListener@150412c, org.springframework.test.context.transaction.TransactionalTestExecutionListener@f774ba, org.springframework.test.context.jdbc.SqlScriptsTestExecutionListener@16dd120, org.springframework.test.context.event.EventPublishingTestExecutionListener@13a0fc1, org.springframework.boot.test.autoconfigure.restdocs.RestDocsTestExecutionListener@326dab, org.springframework.boot.test.autoconfigure.web.client.MockRestServiceServerResetTestExecutionListener@1658bf3, org.springframework.boot.test.autoconfigure.web.servlet.MockMvcPrintOnlyOnFailureTestExecutionListener@98aeee, org.springframework.boot.test.autoconfigure.web.servlet.WebDriverTestExecutionListener@1dffefb, org.springframework.boot.test.autoconfigure.webservices.client.MockWebServiceServerTestExecutionListener@9187de, org.springframework.boot.test.mock.mockito.ResetMocksTestExecutionListener@100bfac]
]]></system-out>
  <system-err><![CDATA[]]></system-err>
</testsuite>
