<?xml version="1.0" encoding="UTF-8"?>
<testsuite name="com.kjh.webservice.ApplicationTests" tests="1" skipped="0" failures="0" errors="0" timestamp="2020-07-26T13:06:14" hostname="v3ui-MacBook-Pro.local" time="0.012">
  <properties/>
  <testcase name="contextLoads()" classname="com.kjh.webservice.ApplicationTests" time="0.012"/>
  <system-out><![CDATA[2020-07-26 22:06:14.919  INFO 99932 --- [    Test worker] .b.t.c.SpringBootTestContextBootstrapper : Neither @ContextConfiguration nor @ContextHierarchy found for test class [com.kjh.webservice.ApplicationTests], using SpringBootContextLoader
2020-07-26 22:06:14.920  INFO 99932 --- [    Test worker] o.s.t.c.support.AbstractContextLoader    : Could not detect default resource locations for test class [com.kjh.webservice.ApplicationTests]: no resource found for suffixes {-context.xml, Context.groovy}.
2020-07-26 22:06:14.920  INFO 99932 --- [    Test worker] t.c.s.AnnotationConfigContextLoaderUtils : Could not detect default configuration classes for test class [com.kjh.webservice.ApplicationTests]: ApplicationTests does not declare any static, non-private, non-final, nested classes annotated with @Configuration.
2020-07-26 22:06:14.923  INFO 99932 --- [    Test worker] .b.t.c.SpringBootTestContextBootstrapper : Found @SpringBootConfiguration com.kjh.webservice.Application for test class com.kjh.webservice.ApplicationTests
2020-07-26 22:06:14.925  INFO 99932 --- [    Test worker] .b.t.c.SpringBootTestContextBootstrapper : Loaded default TestExecutionListener class names from location [META-INF/spring.factories]: [org.springframework.boot.test.autoconfigure.restdocs.RestDocsTestExecutionListener, org.springframework.boot.test.autoconfigure.web.client.MockRestServiceServerResetTestExecutionListener, org.springframework.boot.test.autoconfigure.web.servlet.MockMvcPrintOnlyOnFailureTestExecutionListener, org.springframework.boot.test.autoconfigure.web.servlet.WebDriverTestExecutionListener, org.springframework.boot.test.autoconfigure.webservices.client.MockWebServiceServerTestExecutionListener, org.springframework.boot.test.mock.mockito.MockitoTestExecutionListener, org.springframework.boot.test.mock.mockito.ResetMocksTestExecutionListener, org.springframework.test.context.web.ServletTestExecutionListener, org.springframework.test.context.support.DirtiesContextBeforeModesTestExecutionListener, org.springframework.test.context.support.DependencyInjectionTestExecutionListener, org.springframework.test.context.support.DirtiesContextTestExecutionListener, org.springframework.test.context.transaction.TransactionalTestExecutionListener, org.springframework.test.context.jdbc.SqlScriptsTestExecutionListener, org.springframework.test.context.event.EventPublishingTestExecutionListener]
2020-07-26 22:06:14.925  INFO 99932 --- [    Test worker] .b.t.c.SpringBootTestContextBootstrapper : Using TestExecutionListeners: [org.springframework.test.context.web.ServletTestExecutionListener@2e6a9a2e, org.springframework.test.context.support.DirtiesContextBeforeModesTestExecutionListener@250be6c1, org.springframework.boot.test.mock.mockito.MockitoTestExecutionListener@7d9816ca, org.springframework.boot.test.autoconfigure.SpringBootDependencyInjectionTestExecutionListener@4c6efedc, org.springframework.test.context.support.DirtiesContextTestExecutionListener@36afb695, org.springframework.test.context.transaction.TransactionalTestExecutionListener@4ce8736f, org.springframework.test.context.jdbc.SqlScriptsTestExecutionListener@717b027e, org.springframework.test.context.event.EventPublishingTestExecutionListener@4a588a93, org.springframework.boot.test.autoconfigure.restdocs.RestDocsTestExecutionListener@1889653, org.springframework.boot.test.autoconfigure.web.client.MockRestServiceServerResetTestExecutionListener@e74ee06, org.springframework.boot.test.autoconfigure.web.servlet.MockMvcPrintOnlyOnFailureTestExecutionListener@27b56544, org.springframework.boot.test.autoconfigure.web.servlet.WebDriverTestExecutionListener@29b77f33, org.springframework.boot.test.autoconfigure.webservices.client.MockWebServiceServerTestExecutionListener@6cc84e58, org.springframework.boot.test.mock.mockito.ResetMocksTestExecutionListener@45e59919]
]]></system-out>
  <system-err><![CDATA[]]></system-err>
</testsuite>
