<?xml version="1.0" encoding="UTF-8"?>
<testsuite name="com.kjh.webservice.ApplicationTests" tests="1" skipped="0" failures="0" errors="0" timestamp="2020-07-23T05:55:59" hostname="DESKTOP-DHKETCV" time="0.023">
  <properties/>
  <testcase name="contextLoads()" classname="com.kjh.webservice.ApplicationTests" time="0.023"/>
  <system-out><![CDATA[2020-07-23 14:55:59.959  INFO 11156 --- [    Test worker] .b.t.c.SpringBootTestContextBootstrapper : Neither @ContextConfiguration nor @ContextHierarchy found for test class [com.kjh.webservice.ApplicationTests], using SpringBootContextLoader
2020-07-23 14:55:59.960  INFO 11156 --- [    Test worker] o.s.t.c.support.AbstractContextLoader    : Could not detect default resource locations for test class [com.kjh.webservice.ApplicationTests]: no resource found for suffixes {-context.xml, Context.groovy}.
2020-07-23 14:55:59.960  INFO 11156 --- [    Test worker] t.c.s.AnnotationConfigContextLoaderUtils : Could not detect default configuration classes for test class [com.kjh.webservice.ApplicationTests]: ApplicationTests does not declare any static, non-private, non-final, nested classes annotated with @Configuration.
2020-07-23 14:55:59.982  INFO 11156 --- [    Test worker] .b.t.c.SpringBootTestContextBootstrapper : Found @SpringBootConfiguration com.kjh.webservice.Application for test class com.kjh.webservice.ApplicationTests
2020-07-23 14:55:59.985  INFO 11156 --- [    Test worker] .b.t.c.SpringBootTestContextBootstrapper : Loaded default TestExecutionListener class names from location [META-INF/spring.factories]: [org.springframework.boot.test.autoconfigure.restdocs.RestDocsTestExecutionListener, org.springframework.boot.test.autoconfigure.web.client.MockRestServiceServerResetTestExecutionListener, org.springframework.boot.test.autoconfigure.web.servlet.MockMvcPrintOnlyOnFailureTestExecutionListener, org.springframework.boot.test.autoconfigure.web.servlet.WebDriverTestExecutionListener, org.springframework.boot.test.autoconfigure.webservices.client.MockWebServiceServerTestExecutionListener, org.springframework.boot.test.mock.mockito.MockitoTestExecutionListener, org.springframework.boot.test.mock.mockito.ResetMocksTestExecutionListener, org.springframework.test.context.web.ServletTestExecutionListener, org.springframework.test.context.support.DirtiesContextBeforeModesTestExecutionListener, org.springframework.test.context.support.DependencyInjectionTestExecutionListener, org.springframework.test.context.support.DirtiesContextTestExecutionListener, org.springframework.test.context.transaction.TransactionalTestExecutionListener, org.springframework.test.context.jdbc.SqlScriptsTestExecutionListener, org.springframework.test.context.event.EventPublishingTestExecutionListener]
2020-07-23 14:55:59.987  INFO 11156 --- [    Test worker] .b.t.c.SpringBootTestContextBootstrapper : Using TestExecutionListeners: [org.springframework.test.context.web.ServletTestExecutionListener@697dec5, org.springframework.test.context.support.DirtiesContextBeforeModesTestExecutionListener@faca5a7, org.springframework.boot.test.mock.mockito.MockitoTestExecutionListener@4e1e3245, org.springframework.boot.test.autoconfigure.SpringBootDependencyInjectionTestExecutionListener@3b251285, org.springframework.test.context.support.DirtiesContextTestExecutionListener@37c92d2, org.springframework.test.context.transaction.TransactionalTestExecutionListener@69979e87, org.springframework.test.context.jdbc.SqlScriptsTestExecutionListener@562415ea, org.springframework.test.context.event.EventPublishingTestExecutionListener@45068491, org.springframework.boot.test.autoconfigure.restdocs.RestDocsTestExecutionListener@228b64e1, org.springframework.boot.test.autoconfigure.web.client.MockRestServiceServerResetTestExecutionListener@77bda591, org.springframework.boot.test.autoconfigure.web.servlet.MockMvcPrintOnlyOnFailureTestExecutionListener@1c065c9, org.springframework.boot.test.autoconfigure.web.servlet.WebDriverTestExecutionListener@70935b6c, org.springframework.boot.test.autoconfigure.webservices.client.MockWebServiceServerTestExecutionListener@94685f3, org.springframework.boot.test.mock.mockito.ResetMocksTestExecutionListener@134d2867]
]]></system-out>
  <system-err><![CDATA[]]></system-err>
</testsuite>
