<?xml version="1.0" encoding="UTF-8"?>
<testsuite name="com.kjh.webservice.domain.songs.SongsRepositoryTest" tests="2" skipped="0" failures="0" errors="0" timestamp="2020-07-30T04:55:12" hostname="DESKTOP-DHKETCV" time="0.454">
  <properties/>
  <testcase name="BaseTimeEntity_등록" classname="com.kjh.webservice.domain.songs.SongsRepositoryTest" time="0.442"/>
  <testcase name="노래저장_불러오기" classname="com.kjh.webservice.domain.songs.SongsRepositoryTest" time="0.012"/>
  <system-out><![CDATA[13:55:06.372 [Test worker] DEBUG org.springframework.test.annotation.ProfileValueUtils - Retrieved @ProfileValueSourceConfiguration [null] for test class [com.kjh.webservice.domain.songs.SongsRepositoryTest]
13:55:06.372 [Test worker] DEBUG org.springframework.test.annotation.ProfileValueUtils - Retrieved ProfileValueSource type [class org.springframework.test.annotation.SystemProfileValueSource] for class [com.kjh.webservice.domain.songs.SongsRepositoryTest]
13:55:06.373 [Test worker] DEBUG org.springframework.test.annotation.ProfileValueUtils - Retrieved @ProfileValueSourceConfiguration [null] for test class [com.kjh.webservice.domain.songs.SongsRepositoryTest]
13:55:06.373 [Test worker] DEBUG org.springframework.test.annotation.ProfileValueUtils - Retrieved ProfileValueSource type [class org.springframework.test.annotation.SystemProfileValueSource] for class [com.kjh.webservice.domain.songs.SongsRepositoryTest]
13:55:06.381 [Test worker] DEBUG org.springframework.test.context.support.AbstractDirtiesContextTestExecutionListener - Before test class: context [DefaultTestContext@b0f2f3 testClass = SongsRepositoryTest, testInstance = [null], testMethod = [null], testException = [null], mergedContextConfiguration = [WebMergedContextConfiguration@33f92c testClass = SongsRepositoryTest, locations = '{}', classes = '{class com.kjh.webservice.Application}', contextInitializerClasses = '[]', activeProfiles = '{}', propertySourceLocations = '{}', propertySourceProperties = '{org.springframework.boot.test.context.SpringBootTestContextBootstrapper=true}', contextCustomizers = set[org.springframework.boot.test.autoconfigure.properties.PropertyMappingContextCustomizer@0, org.springframework.boot.test.autoconfigure.web.servlet.WebDriverContextCustomizerFactory$Customizer@13170c0, org.springframework.boot.test.context.filter.ExcludeFilterContextCustomizer@ef560b, org.springframework.boot.test.json.DuplicateJsonObjectContextCustomizerFactory$DuplicateJsonObjectContextCustomizer@1cd18c7, org.springframework.boot.test.mock.mockito.MockitoContextCustomizer@0, org.springframework.boot.test.web.client.TestRestTemplateContextCustomizer@1b03826, org.springframework.boot.test.context.SpringBootTestArgs@1], resourceBasePath = 'src/main/webapp', contextLoader = 'org.springframework.boot.test.context.SpringBootContextLoader', parent = [null]], attributes = map['org.springframework.test.context.web.ServletTestExecutionListener.activateListener' -> true]], class annotated with @DirtiesContext [false] with mode [null].
13:55:06.386 [Test worker] DEBUG org.springframework.test.annotation.ProfileValueUtils - Retrieved @ProfileValueSourceConfiguration [null] for test class [com.kjh.webservice.domain.songs.SongsRepositoryTest]
13:55:06.387 [Test worker] DEBUG org.springframework.test.annotation.ProfileValueUtils - Retrieved ProfileValueSource type [class org.springframework.test.annotation.SystemProfileValueSource] for class [com.kjh.webservice.domain.songs.SongsRepositoryTest]
13:55:06.423 [Test worker] DEBUG org.springframework.test.context.support.TestPropertySourceUtils - Adding inlined properties to environment: {spring.jmx.enabled=false, org.springframework.boot.test.context.SpringBootTestContextBootstrapper=true}

  .   ____          _            __ _ _
 /\\ / ___'_ __ _ _(_)_ __  __ _ \ \ \ \
( ( )\___ | '_ | '_| | '_ \/ _` | \ \ \ \
 \\/  ___)| |_)| | | | | || (_| |  ) ) ) )
  '  |____| .__|_| |_|_| |_\__, | / / / /
 =========|_|==============|___/=/_/_/_/
 :: Spring Boot ::        (v2.3.1.RELEASE)

2020-07-30 13:55:06.846  INFO 20368 --- [    Test worker] c.k.w.domain.songs.SongsRepositoryTest   : Starting SongsRepositoryTest on DESKTOP-DHKETCV with PID 20368 (started by TSW in D:\kim\prj\karaoke-webservice)
2020-07-30 13:55:06.847  INFO 20368 --- [    Test worker] c.k.w.domain.songs.SongsRepositoryTest   : The following profiles are active: local
2020-07-30 13:55:07.861  INFO 20368 --- [    Test worker] .s.d.r.c.RepositoryConfigurationDelegate : Bootstrapping Spring Data JPA repositories in DEFERRED mode.
2020-07-30 13:55:07.932  INFO 20368 --- [    Test worker] .s.d.r.c.RepositoryConfigurationDelegate : Finished Spring Data repository scanning in 62ms. Found 1 JPA repository interfaces.
2020-07-30 13:55:08.393  INFO 20368 --- [    Test worker] trationDelegate$BeanPostProcessorChecker : Bean 'pl.allegro.tech.boot.autoconfigure.handlebars.HandlebarsHelpersAutoConfiguration' of type [pl.allegro.tech.boot.autoconfigure.handlebars.HandlebarsHelpersAutoConfiguration$$EnhancerBySpringCGLIB$$5791bdcc] is not eligible for getting processed by all BeanPostProcessors (for example: not eligible for auto-proxying)
2020-07-30 13:55:08.414  INFO 20368 --- [    Test worker] trationDelegate$BeanPostProcessorChecker : Bean 'handlebars.resolver-pl.allegro.tech.boot.autoconfigure.handlebars.HandlebarsValueResolversProperties' of type [pl.allegro.tech.boot.autoconfigure.handlebars.HandlebarsValueResolversProperties] is not eligible for getting processed by all BeanPostProcessors (for example: not eligible for auto-proxying)
2020-07-30 13:55:08.471  INFO 20368 --- [    Test worker] trationDelegate$BeanPostProcessorChecker : Bean 'handlebars-pl.allegro.tech.boot.autoconfigure.handlebars.HandlebarsProperties' of type [pl.allegro.tech.boot.autoconfigure.handlebars.HandlebarsProperties] is not eligible for getting processed by all BeanPostProcessors (for example: not eligible for auto-proxying)
2020-07-30 13:55:08.474  INFO 20368 --- [    Test worker] trationDelegate$BeanPostProcessorChecker : Bean 'pl.allegro.tech.boot.autoconfigure.handlebars.HandlebarsAutoConfiguration$HandlebarsViewResolverConfiguration' of type [pl.allegro.tech.boot.autoconfigure.handlebars.HandlebarsAutoConfiguration$HandlebarsViewResolverConfiguration$$EnhancerBySpringCGLIB$$6a78e86a] is not eligible for getting processed by all BeanPostProcessors (for example: not eligible for auto-proxying)
2020-07-30 13:55:08.707  INFO 20368 --- [    Test worker] trationDelegate$BeanPostProcessorChecker : Bean 'handlebarsViewResolver' of type [com.github.jknack.handlebars.springmvc.HandlebarsViewResolver] is not eligible for getting processed by all BeanPostProcessors (for example: not eligible for auto-proxying)
2020-07-30 13:55:09.082  INFO 20368 --- [    Test worker] o.s.s.concurrent.ThreadPoolTaskExecutor  : Initializing ExecutorService 'applicationTaskExecutor'
2020-07-30 13:55:09.102  INFO 20368 --- [    Test worker] com.zaxxer.hikari.HikariDataSource       : HikariPool-1 - Starting...
2020-07-30 13:55:09.427  INFO 20368 --- [    Test worker] com.zaxxer.hikari.HikariDataSource       : HikariPool-1 - Start completed.
2020-07-30 13:55:09.521  INFO 20368 --- [         task-1] o.hibernate.jpa.internal.util.LogHelper  : HHH000204: Processing PersistenceUnitInfo [
	name: default
	...]
2020-07-30 13:55:09.625  INFO 20368 --- [         task-1] org.hibernate.Version                    : HHH000412: Hibernate Core {5.2.11.Final}
2020-07-30 13:55:09.627  INFO 20368 --- [         task-1] org.hibernate.cfg.Environment            : HHH000206: hibernate.properties not found
2020-07-30 13:55:09.678  INFO 20368 --- [         task-1] o.hibernate.annotations.common.Version   : HCANN000001: Hibernate Commons Annotations {5.0.1.Final}
2020-07-30 13:55:09.825  INFO 20368 --- [         task-1] org.hibernate.dialect.Dialect            : HHH000400: Using dialect: org.hibernate.dialect.H2Dialect
Hibernate: drop table songs if exists
Hibernate: create table songs (id bigint generated by default as identity, created_date timestamp, modified_date timestamp, artist varchar(500) not null, link varchar(255) not null, title varchar(500) not null, type varchar(255) not null, views integer not null, primary key (id))
2020-07-30 13:55:10.395  INFO 20368 --- [         task-1] o.h.t.schema.internal.SchemaCreatorImpl  : HHH000476: Executing import script 'org.hibernate.tool.schema.internal.exec.ScriptSourceInputNonExistentImpl@88a680'
2020-07-30 13:55:10.398  INFO 20368 --- [         task-1] j.LocalContainerEntityManagerFactoryBean : Initialized JPA EntityManagerFactory for persistence unit 'default'
2020-07-30 13:55:10.653  WARN 20368 --- [    Test worker] JpaBaseConfiguration$JpaWebConfiguration : spring.jpa.open-in-view is enabled by default. Therefore, database queries may be performed during view rendering. Explicitly configure spring.jpa.open-in-view to disable this warning
2020-07-30 13:55:11.728  INFO 20368 --- [    Test worker] o.s.b.a.e.web.EndpointLinksResolver      : Exposing 2 endpoint(s) beneath base path '/actuator'
2020-07-30 13:55:11.784  INFO 20368 --- [    Test worker] DeferredRepositoryInitializationListener : Triggering deferred initialization of Spring Data repositories…
2020-07-30 13:55:12.082  INFO 20368 --- [    Test worker] o.h.h.i.QueryTranslatorFactoryInitiator  : HHH000397: Using ASTQueryTranslatorFactory
2020-07-30 13:55:12.206  INFO 20368 --- [    Test worker] DeferredRepositoryInitializationListener : Spring Data repositories initialized!
2020-07-30 13:55:12.216  INFO 20368 --- [    Test worker] c.k.w.domain.songs.SongsRepositoryTest   : Started SongsRepositoryTest in 5.78 seconds (JVM running for 7.65)
Hibernate: insert into songs (id, created_date, modified_date, artist, link, title, type, views) values (null, ?, ?, ?, ?, ?, ?, ?)
Hibernate: select songs0_.id as id1_0_, songs0_.created_date as created_2_0_, songs0_.modified_date as modified3_0_, songs0_.artist as artist4_0_, songs0_.link as link5_0_, songs0_.title as title6_0_, songs0_.type as type7_0_, songs0_.views as views8_0_ from songs songs0_
Hibernate: select songs0_.id as id1_0_, songs0_.created_date as created_2_0_, songs0_.modified_date as modified3_0_, songs0_.artist as artist4_0_, songs0_.link as link5_0_, songs0_.title as title6_0_, songs0_.type as type7_0_, songs0_.views as views8_0_ from songs songs0_
Hibernate: delete from songs where id=?
Hibernate: insert into songs (id, created_date, modified_date, artist, link, title, type, views) values (null, ?, ?, ?, ?, ?, ?, ?)
Hibernate: select songs0_.id as id1_0_, songs0_.created_date as created_2_0_, songs0_.modified_date as modified3_0_, songs0_.artist as artist4_0_, songs0_.link as link5_0_, songs0_.title as title6_0_, songs0_.type as type7_0_, songs0_.views as views8_0_ from songs songs0_
Hibernate: select songs0_.id as id1_0_, songs0_.created_date as created_2_0_, songs0_.modified_date as modified3_0_, songs0_.artist as artist4_0_, songs0_.link as link5_0_, songs0_.title as title6_0_, songs0_.type as type7_0_, songs0_.views as views8_0_ from songs songs0_
Hibernate: delete from songs where id=?
]]></system-out>
  <system-err><![CDATA[]]></system-err>
</testsuite>
