<?xml version="1.0" encoding="UTF-8"?>
<testsuite name="com.kjh.webservice.domain.songs.SongsRepositoryTest" tests="2" skipped="0" failures="0" errors="0" timestamp="2020-07-30T05:01:14" hostname="DESKTOP-DHKETCV" time="0.479">
  <properties/>
  <testcase name="BaseTimeEntity_등록" classname="com.kjh.webservice.domain.songs.SongsRepositoryTest" time="0.467"/>
  <testcase name="노래저장_불러오기" classname="com.kjh.webservice.domain.songs.SongsRepositoryTest" time="0.011"/>
  <system-out><![CDATA[14:01:08.369 [Test worker] DEBUG org.springframework.test.annotation.ProfileValueUtils - Retrieved @ProfileValueSourceConfiguration [null] for test class [com.kjh.webservice.domain.songs.SongsRepositoryTest]
14:01:08.369 [Test worker] DEBUG org.springframework.test.annotation.ProfileValueUtils - Retrieved ProfileValueSource type [class org.springframework.test.annotation.SystemProfileValueSource] for class [com.kjh.webservice.domain.songs.SongsRepositoryTest]
14:01:08.370 [Test worker] DEBUG org.springframework.test.annotation.ProfileValueUtils - Retrieved @ProfileValueSourceConfiguration [null] for test class [com.kjh.webservice.domain.songs.SongsRepositoryTest]
14:01:08.370 [Test worker] DEBUG org.springframework.test.annotation.ProfileValueUtils - Retrieved ProfileValueSource type [class org.springframework.test.annotation.SystemProfileValueSource] for class [com.kjh.webservice.domain.songs.SongsRepositoryTest]
14:01:08.378 [Test worker] DEBUG org.springframework.test.context.support.AbstractDirtiesContextTestExecutionListener - Before test class: context [DefaultTestContext@b0f2f3 testClass = SongsRepositoryTest, testInstance = [null], testMethod = [null], testException = [null], mergedContextConfiguration = [WebMergedContextConfiguration@33f92c testClass = SongsRepositoryTest, locations = '{}', classes = '{class com.kjh.webservice.Application}', contextInitializerClasses = '[]', activeProfiles = '{}', propertySourceLocations = '{}', propertySourceProperties = '{org.springframework.boot.test.context.SpringBootTestContextBootstrapper=true}', contextCustomizers = set[org.springframework.boot.test.autoconfigure.properties.PropertyMappingContextCustomizer@0, org.springframework.boot.test.autoconfigure.web.servlet.WebDriverContextCustomizerFactory$Customizer@13170c0, org.springframework.boot.test.context.filter.ExcludeFilterContextCustomizer@ef560b, org.springframework.boot.test.json.DuplicateJsonObjectContextCustomizerFactory$DuplicateJsonObjectContextCustomizer@1cd18c7, org.springframework.boot.test.mock.mockito.MockitoContextCustomizer@0, org.springframework.boot.test.web.client.TestRestTemplateContextCustomizer@1b03826, org.springframework.boot.test.context.SpringBootTestArgs@1], resourceBasePath = 'src/main/webapp', contextLoader = 'org.springframework.boot.test.context.SpringBootContextLoader', parent = [null]], attributes = map['org.springframework.test.context.web.ServletTestExecutionListener.activateListener' -> true]], class annotated with @DirtiesContext [false] with mode [null].
14:01:08.380 [Test worker] DEBUG org.springframework.test.annotation.ProfileValueUtils - Retrieved @ProfileValueSourceConfiguration [null] for test class [com.kjh.webservice.domain.songs.SongsRepositoryTest]
14:01:08.381 [Test worker] DEBUG org.springframework.test.annotation.ProfileValueUtils - Retrieved ProfileValueSource type [class org.springframework.test.annotation.SystemProfileValueSource] for class [com.kjh.webservice.domain.songs.SongsRepositoryTest]
14:01:08.409 [Test worker] DEBUG org.springframework.test.context.support.TestPropertySourceUtils - Adding inlined properties to environment: {spring.jmx.enabled=false, org.springframework.boot.test.context.SpringBootTestContextBootstrapper=true}

  .   ____          _            __ _ _
 /\\ / ___'_ __ _ _(_)_ __  __ _ \ \ \ \
( ( )\___ | '_ | '_| | '_ \/ _` | \ \ \ \
 \\/  ___)| |_)| | | | | || (_| |  ) ) ) )
  '  |____| .__|_| |_|_| |_\__, | / / / /
 =========|_|==============|___/=/_/_/_/
 :: Spring Boot ::        (v2.3.1.RELEASE)

2020-07-30 14:01:08.878  INFO 18228 --- [    Test worker] c.k.w.domain.songs.SongsRepositoryTest   : Starting SongsRepositoryTest on DESKTOP-DHKETCV with PID 18228 (started by TSW in D:\kim\prj\karaoke-webservice)
2020-07-30 14:01:08.879  INFO 18228 --- [    Test worker] c.k.w.domain.songs.SongsRepositoryTest   : The following profiles are active: local
2020-07-30 14:01:10.164  INFO 18228 --- [    Test worker] .s.d.r.c.RepositoryConfigurationDelegate : Bootstrapping Spring Data JPA repositories in DEFERRED mode.
2020-07-30 14:01:10.252  INFO 18228 --- [    Test worker] .s.d.r.c.RepositoryConfigurationDelegate : Finished Spring Data repository scanning in 76ms. Found 1 JPA repository interfaces.
2020-07-30 14:01:10.735  INFO 18228 --- [    Test worker] trationDelegate$BeanPostProcessorChecker : Bean 'pl.allegro.tech.boot.autoconfigure.handlebars.HandlebarsHelpersAutoConfiguration' of type [pl.allegro.tech.boot.autoconfigure.handlebars.HandlebarsHelpersAutoConfiguration$$EnhancerBySpringCGLIB$$a507b723] is not eligible for getting processed by all BeanPostProcessors (for example: not eligible for auto-proxying)
2020-07-30 14:01:10.758  INFO 18228 --- [    Test worker] trationDelegate$BeanPostProcessorChecker : Bean 'handlebars.resolver-pl.allegro.tech.boot.autoconfigure.handlebars.HandlebarsValueResolversProperties' of type [pl.allegro.tech.boot.autoconfigure.handlebars.HandlebarsValueResolversProperties] is not eligible for getting processed by all BeanPostProcessors (for example: not eligible for auto-proxying)
2020-07-30 14:01:10.768  INFO 18228 --- [    Test worker] trationDelegate$BeanPostProcessorChecker : Bean 'handlebars-pl.allegro.tech.boot.autoconfigure.handlebars.HandlebarsProperties' of type [pl.allegro.tech.boot.autoconfigure.handlebars.HandlebarsProperties] is not eligible for getting processed by all BeanPostProcessors (for example: not eligible for auto-proxying)
2020-07-30 14:01:10.770  INFO 18228 --- [    Test worker] trationDelegate$BeanPostProcessorChecker : Bean 'pl.allegro.tech.boot.autoconfigure.handlebars.HandlebarsAutoConfiguration$HandlebarsViewResolverConfiguration' of type [pl.allegro.tech.boot.autoconfigure.handlebars.HandlebarsAutoConfiguration$HandlebarsViewResolverConfiguration$$EnhancerBySpringCGLIB$$b7eee1c1] is not eligible for getting processed by all BeanPostProcessors (for example: not eligible for auto-proxying)
2020-07-30 14:01:10.891  INFO 18228 --- [    Test worker] trationDelegate$BeanPostProcessorChecker : Bean 'handlebarsViewResolver' of type [com.github.jknack.handlebars.springmvc.HandlebarsViewResolver] is not eligible for getting processed by all BeanPostProcessors (for example: not eligible for auto-proxying)
2020-07-30 14:01:11.129  INFO 18228 --- [    Test worker] o.s.s.concurrent.ThreadPoolTaskExecutor  : Initializing ExecutorService 'applicationTaskExecutor'
2020-07-30 14:01:11.144  INFO 18228 --- [    Test worker] com.zaxxer.hikari.HikariDataSource       : HikariPool-1 - Starting...
2020-07-30 14:01:11.419  INFO 18228 --- [    Test worker] com.zaxxer.hikari.HikariDataSource       : HikariPool-1 - Start completed.
2020-07-30 14:01:11.510  INFO 18228 --- [         task-1] o.hibernate.jpa.internal.util.LogHelper  : HHH000204: Processing PersistenceUnitInfo [
	name: default
	...]
2020-07-30 14:01:11.697  INFO 18228 --- [         task-1] org.hibernate.Version                    : HHH000412: Hibernate Core {5.2.11.Final}
2020-07-30 14:01:11.699  INFO 18228 --- [         task-1] org.hibernate.cfg.Environment            : HHH000206: hibernate.properties not found
2020-07-30 14:01:11.757  INFO 18228 --- [         task-1] o.hibernate.annotations.common.Version   : HCANN000001: Hibernate Commons Annotations {5.0.1.Final}
2020-07-30 14:01:11.937  INFO 18228 --- [         task-1] org.hibernate.dialect.Dialect            : HHH000400: Using dialect: org.hibernate.dialect.H2Dialect
Hibernate: drop table songs if exists
Hibernate: create table songs (id bigint generated by default as identity, created_date timestamp, modified_date timestamp, artist varchar(500) not null, link varchar(255) not null, title varchar(500) not null, type varchar(255) not null, views integer not null, primary key (id))
2020-07-30 14:01:12.706  INFO 18228 --- [         task-1] o.h.t.schema.internal.SchemaCreatorImpl  : HHH000476: Executing import script 'org.hibernate.tool.schema.internal.exec.ScriptSourceInputNonExistentImpl@136fc08'
2020-07-30 14:01:12.710  INFO 18228 --- [         task-1] j.LocalContainerEntityManagerFactoryBean : Initialized JPA EntityManagerFactory for persistence unit 'default'
2020-07-30 14:01:13.023  WARN 18228 --- [    Test worker] JpaBaseConfiguration$JpaWebConfiguration : spring.jpa.open-in-view is enabled by default. Therefore, database queries may be performed during view rendering. Explicitly configure spring.jpa.open-in-view to disable this warning
2020-07-30 14:01:14.180  INFO 18228 --- [    Test worker] o.s.b.a.e.web.EndpointLinksResolver      : Exposing 2 endpoint(s) beneath base path '/actuator'
2020-07-30 14:01:14.258  INFO 18228 --- [    Test worker] DeferredRepositoryInitializationListener : Triggering deferred initialization of Spring Data repositories…
2020-07-30 14:01:14.604  INFO 18228 --- [    Test worker] o.h.h.i.QueryTranslatorFactoryInitiator  : HHH000397: Using ASTQueryTranslatorFactory
2020-07-30 14:01:14.739  INFO 18228 --- [    Test worker] DeferredRepositoryInitializationListener : Spring Data repositories initialized!
2020-07-30 14:01:14.749  INFO 18228 --- [    Test worker] c.k.w.domain.songs.SongsRepositoryTest   : Started SongsRepositoryTest in 6.325 seconds (JVM running for 8.681)
Hibernate: insert into songs (id, created_date, modified_date, artist, link, title, type, views) values (null, ?, ?, ?, ?, ?, ?, ?)
Hibernate: select songs0_.id as id1_0_, songs0_.created_date as created_2_0_, songs0_.modified_date as modified3_0_, songs0_.artist as artist4_0_, songs0_.link as link5_0_, songs0_.title as title6_0_, songs0_.type as type7_0_, songs0_.views as views8_0_ from songs songs0_
Hibernate: select songs0_.id as id1_0_, songs0_.created_date as created_2_0_, songs0_.modified_date as modified3_0_, songs0_.artist as artist4_0_, songs0_.link as link5_0_, songs0_.title as title6_0_, songs0_.type as type7_0_, songs0_.views as views8_0_ from songs songs0_
Hibernate: delete from songs where id=?
Hibernate: insert into songs (id, created_date, modified_date, artist, link, title, type, views) values (null, ?, ?, ?, ?, ?, ?, ?)
Hibernate: select songs0_.id as id1_0_, songs0_.created_date as created_2_0_, songs0_.modified_date as modified3_0_, songs0_.artist as artist4_0_, songs0_.link as link5_0_, songs0_.title as title6_0_, songs0_.type as type7_0_, songs0_.views as views8_0_ from songs songs0_
Hibernate: select songs0_.id as id1_0_, songs0_.created_date as created_2_0_, songs0_.modified_date as modified3_0_, songs0_.artist as artist4_0_, songs0_.link as link5_0_, songs0_.title as title6_0_, songs0_.type as type7_0_, songs0_.views as views8_0_ from songs songs0_
Hibernate: delete from songs where id=?
]]></system-out>
  <system-err><![CDATA[]]></system-err>
</testsuite>
