<?xml version="1.0" encoding="UTF-8"?>
<testsuite name="com.kjh.webservice.web.WebRestControllerTest" tests="1" skipped="0" failures="0" errors="0" timestamp="2020-07-30T05:01:18" hostname="DESKTOP-DHKETCV" time="0.012">
  <properties/>
  <testcase name="Profile확인" classname="com.kjh.webservice.web.WebRestControllerTest" time="0.012"/>
  <system-out><![CDATA[]]></system-out>
  <system-err><![CDATA[]]></system-err>
</testsuite>
