<?xml version="1.0" encoding="UTF-8"?>
<testsuite name="com.kjh.webservice.web.WebRestControllerTest" tests="1" skipped="0" failures="0" errors="0" timestamp="2020-07-26T13:05:58" hostname="v3ui-MacBook-Pro.local" time="0.014">
  <properties/>
  <testcase name="Profile확인" classname="com.kjh.webservice.web.WebRestControllerTest" time="0.014"/>
  <system-out><![CDATA[]]></system-out>
  <system-err><![CDATA[]]></system-err>
</testsuite>
