<?xml version="1.0" encoding="UTF-8"?>
<testsuite name="com.kjh.webservice.ApplicationTests" tests="1" skipped="0" failures="0" errors="0" timestamp="2020-07-30T04:55:15" hostname="DESKTOP-DHKETCV" time="0.013">
  <properties/>
  <testcase name="contextLoads()" classname="com.kjh.webservice.ApplicationTests" time="0.013"/>
  <system-out><![CDATA[2020-07-30 13:55:15.230  INFO 20368 --- [    Test worker] .b.t.c.SpringBootTestContextBootstrapper : Neither @ContextConfiguration nor @ContextHierarchy found for test class [com.kjh.webservice.ApplicationTests], using SpringBootContextLoader
2020-07-30 13:55:15.231  INFO 20368 --- [    Test worker] o.s.t.c.support.AbstractContextLoader    : Could not detect default resource locations for test class [com.kjh.webservice.ApplicationTests]: no resource found for suffixes {-context.xml, Context.groovy}.
2020-07-30 13:55:15.231  INFO 20368 --- [    Test worker] t.c.s.AnnotationConfigContextLoaderUtils : Could not detect default configuration classes for test class [com.kjh.webservice.ApplicationTests]: ApplicationTests does not declare any static, non-private, non-final, nested classes annotated with @Configuration.
2020-07-30 13:55:15.236  INFO 20368 --- [    Test worker] .b.t.c.SpringBootTestContextBootstrapper : Found @SpringBootConfiguration com.kjh.webservice.Application for test class com.kjh.webservice.ApplicationTests
2020-07-30 13:55:15.237  INFO 20368 --- [    Test worker] .b.t.c.SpringBootTestContextBootstrapper : Loaded default TestExecutionListener class names from location [META-INF/spring.factories]: [org.springframework.boot.test.autoconfigure.restdocs.RestDocsTestExecutionListener, org.springframework.boot.test.autoconfigure.web.client.MockRestServiceServerResetTestExecutionListener, org.springframework.boot.test.autoconfigure.web.servlet.MockMvcPrintOnlyOnFailureTestExecutionListener, org.springframework.boot.test.autoconfigure.web.servlet.WebDriverTestExecutionListener, org.springframework.boot.test.autoconfigure.webservices.client.MockWebServiceServerTestExecutionListener, org.springframework.boot.test.mock.mockito.MockitoTestExecutionListener, org.springframework.boot.test.mock.mockito.ResetMocksTestExecutionListener, org.springframework.test.context.web.ServletTestExecutionListener, org.springframework.test.context.support.DirtiesContextBeforeModesTestExecutionListener, org.springframework.test.context.support.DependencyInjectionTestExecutionListener, org.springframework.test.context.support.DirtiesContextTestExecutionListener, org.springframework.test.context.transaction.TransactionalTestExecutionListener, org.springframework.test.context.jdbc.SqlScriptsTestExecutionListener, org.springframework.test.context.event.EventPublishingTestExecutionListener]
2020-07-30 13:55:15.238  INFO 20368 --- [    Test worker] .b.t.c.SpringBootTestContextBootstrapper : Using TestExecutionListeners: [org.springframework.test.context.web.ServletTestExecutionListener@6faf8a, org.springframework.test.context.support.DirtiesContextBeforeModesTestExecutionListener@1f8bfff, org.springframework.boot.test.mock.mockito.MockitoTestExecutionListener@6e3db4, org.springframework.boot.test.autoconfigure.SpringBootDependencyInjectionTestExecutionListener@1362553, org.springframework.test.context.support.DirtiesContextTestExecutionListener@c4df80, org.springframework.test.context.transaction.TransactionalTestExecutionListener@4f95a0, org.springframework.test.context.jdbc.SqlScriptsTestExecutionListener@1619080, org.springframework.test.context.event.EventPublishingTestExecutionListener@1793fc2, org.springframework.boot.test.autoconfigure.restdocs.RestDocsTestExecutionListener@133d6b2, org.springframework.boot.test.autoconfigure.web.client.MockRestServiceServerResetTestExecutionListener@175a1e1, org.springframework.boot.test.autoconfigure.web.servlet.MockMvcPrintOnlyOnFailureTestExecutionListener@e9c01f, org.springframework.boot.test.autoconfigure.web.servlet.WebDriverTestExecutionListener@d6732f, org.springframework.boot.test.autoconfigure.webservices.client.MockWebServiceServerTestExecutionListener@1cdbf01, org.springframework.boot.test.mock.mockito.ResetMocksTestExecutionListener@1bd7330]
]]></system-out>
  <system-err><![CDATA[]]></system-err>
</testsuite>
