<?xml version="1.0" encoding="UTF-8"?>
<testsuite name="com.kjh.webservice.web.WebControllerTest" tests="1" skipped="0" failures="0" errors="0" timestamp="2020-07-30T04:55:14" hostname="DESKTOP-DHKETCV" time="0.356">
  <properties/>
  <testcase name="메인페이지_로딩" classname="com.kjh.webservice.web.WebControllerTest" time="0.356"/>
  <system-out><![CDATA[
  .   ____          _            __ _ _
 /\\ / ___'_ __ _ _(_)_ __  __ _ \ \ \ \
( ( )\___ | '_ | '_| | '_ \/ _` | \ \ \ \
 \\/  ___)| |_)| | | | | || (_| |  ) ) ) )
  '  |____| .__|_| |_|_| |_\__, | / / / /
 =========|_|==============|___/=/_/_/_/
 :: Spring Boot ::        (v2.3.1.RELEASE)

2020-07-30 13:55:12.794  INFO 20368 --- [    Test worker] c.kjh.webservice.web.WebControllerTest   : Starting WebControllerTest on DESKTOP-DHKETCV with PID 20368 (started by TSW in D:\kim\prj\karaoke-webservice)
2020-07-30 13:55:12.794  INFO 20368 --- [    Test worker] c.kjh.webservice.web.WebControllerTest   : The following profiles are active: local
2020-07-30 13:55:13.154  INFO 20368 --- [    Test worker] .s.d.r.c.RepositoryConfigurationDelegate : Bootstrapping Spring Data JPA repositories in DEFERRED mode.
2020-07-30 13:55:13.165  INFO 20368 --- [    Test worker] .s.d.r.c.RepositoryConfigurationDelegate : Finished Spring Data repository scanning in 10ms. Found 1 JPA repository interfaces.
2020-07-30 13:55:13.266  INFO 20368 --- [    Test worker] trationDelegate$BeanPostProcessorChecker : Bean 'pl.allegro.tech.boot.autoconfigure.handlebars.HandlebarsHelpersAutoConfiguration' of type [pl.allegro.tech.boot.autoconfigure.handlebars.HandlebarsHelpersAutoConfiguration$$EnhancerBySpringCGLIB$$5791bdcc] is not eligible for getting processed by all BeanPostProcessors (for example: not eligible for auto-proxying)
2020-07-30 13:55:13.279  INFO 20368 --- [    Test worker] trationDelegate$BeanPostProcessorChecker : Bean 'handlebars.resolver-pl.allegro.tech.boot.autoconfigure.handlebars.HandlebarsValueResolversProperties' of type [pl.allegro.tech.boot.autoconfigure.handlebars.HandlebarsValueResolversProperties] is not eligible for getting processed by all BeanPostProcessors (for example: not eligible for auto-proxying)
2020-07-30 13:55:13.283  INFO 20368 --- [    Test worker] trationDelegate$BeanPostProcessorChecker : Bean 'handlebars-pl.allegro.tech.boot.autoconfigure.handlebars.HandlebarsProperties' of type [pl.allegro.tech.boot.autoconfigure.handlebars.HandlebarsProperties] is not eligible for getting processed by all BeanPostProcessors (for example: not eligible for auto-proxying)
2020-07-30 13:55:13.284  INFO 20368 --- [    Test worker] trationDelegate$BeanPostProcessorChecker : Bean 'pl.allegro.tech.boot.autoconfigure.handlebars.HandlebarsAutoConfiguration$HandlebarsViewResolverConfiguration' of type [pl.allegro.tech.boot.autoconfigure.handlebars.HandlebarsAutoConfiguration$HandlebarsViewResolverConfiguration$$EnhancerBySpringCGLIB$$6a78e86a] is not eligible for getting processed by all BeanPostProcessors (for example: not eligible for auto-proxying)
2020-07-30 13:55:13.301  INFO 20368 --- [    Test worker] trationDelegate$BeanPostProcessorChecker : Bean 'handlebarsViewResolver' of type [com.github.jknack.handlebars.springmvc.HandlebarsViewResolver] is not eligible for getting processed by all BeanPostProcessors (for example: not eligible for auto-proxying)
2020-07-30 13:55:13.512  INFO 20368 --- [    Test worker] o.s.b.w.embedded.tomcat.TomcatWebServer  : Tomcat initialized with port(s): 0 (http)
2020-07-30 13:55:13.525  INFO 20368 --- [    Test worker] o.apache.catalina.core.StandardService   : Starting service [Tomcat]
2020-07-30 13:55:13.525  INFO 20368 --- [    Test worker] org.apache.catalina.core.StandardEngine  : Starting Servlet engine: [Apache Tomcat/9.0.36]
2020-07-30 13:55:13.696  INFO 20368 --- [    Test worker] o.a.c.c.C.[Tomcat].[localhost].[/]       : Initializing Spring embedded WebApplicationContext
2020-07-30 13:55:13.696  INFO 20368 --- [    Test worker] w.s.c.ServletWebServerApplicationContext : Root WebApplicationContext: initialization completed in 900 ms
2020-07-30 13:55:13.996  INFO 20368 --- [    Test worker] o.s.s.concurrent.ThreadPoolTaskExecutor  : Initializing ExecutorService 'applicationTaskExecutor'
2020-07-30 13:55:14.000  INFO 20368 --- [    Test worker] com.zaxxer.hikari.HikariDataSource       : HikariPool-2 - Starting...
2020-07-30 13:55:14.004  INFO 20368 --- [    Test worker] com.zaxxer.hikari.HikariDataSource       : HikariPool-2 - Start completed.
2020-07-30 13:55:14.020  INFO 20368 --- [         task-1] o.hibernate.jpa.internal.util.LogHelper  : HHH000204: Processing PersistenceUnitInfo [
	name: default
	...]
2020-07-30 13:55:14.032  INFO 20368 --- [         task-1] org.hibernate.dialect.Dialect            : HHH000400: Using dialect: org.hibernate.dialect.H2Dialect
Hibernate: drop table songs if exists
Hibernate: create table songs (id bigint generated by default as identity, created_date timestamp, modified_date timestamp, artist varchar(500) not null, link varchar(255) not null, title varchar(500) not null, type varchar(255) not null, views integer not null, primary key (id))
2020-07-30 13:55:14.070  INFO 20368 --- [         task-1] o.h.t.schema.internal.SchemaCreatorImpl  : HHH000476: Executing import script 'org.hibernate.tool.schema.internal.exec.ScriptSourceInputNonExistentImpl@88a680'
2020-07-30 13:55:14.070  INFO 20368 --- [         task-1] j.LocalContainerEntityManagerFactoryBean : Initialized JPA EntityManagerFactory for persistence unit 'default'
2020-07-30 13:55:14.126  WARN 20368 --- [    Test worker] JpaBaseConfiguration$JpaWebConfiguration : spring.jpa.open-in-view is enabled by default. Therefore, database queries may be performed during view rendering. Explicitly configure spring.jpa.open-in-view to disable this warning
2020-07-30 13:55:14.598  INFO 20368 --- [    Test worker] o.s.b.a.e.web.EndpointLinksResolver      : Exposing 2 endpoint(s) beneath base path '/actuator'
2020-07-30 13:55:14.710  INFO 20368 --- [    Test worker] o.s.b.w.embedded.tomcat.TomcatWebServer  : Tomcat started on port(s): 11734 (http) with context path ''
2020-07-30 13:55:14.712  INFO 20368 --- [    Test worker] DeferredRepositoryInitializationListener : Triggering deferred initialization of Spring Data repositories…
2020-07-30 13:55:14.783  INFO 20368 --- [    Test worker] o.h.h.i.QueryTranslatorFactoryInitiator  : HHH000397: Using ASTQueryTranslatorFactory
2020-07-30 13:55:14.790  INFO 20368 --- [    Test worker] DeferredRepositoryInitializationListener : Spring Data repositories initialized!
2020-07-30 13:55:14.797  INFO 20368 --- [    Test worker] c.kjh.webservice.web.WebControllerTest   : Started WebControllerTest in 2.041 seconds (JVM running for 10.231)
2020-07-30 13:55:15.028  INFO 20368 --- [o-auto-1-exec-1] o.a.c.c.C.[Tomcat].[localhost].[/]       : Initializing Spring DispatcherServlet 'dispatcherServlet'
2020-07-30 13:55:15.029  INFO 20368 --- [o-auto-1-exec-1] o.s.web.servlet.DispatcherServlet        : Initializing Servlet 'dispatcherServlet'
2020-07-30 13:55:15.049  INFO 20368 --- [o-auto-1-exec-1] o.s.web.servlet.DispatcherServlet        : Completed initialization in 20 ms
]]></system-out>
  <system-err><![CDATA[]]></system-err>
</testsuite>
