<?xml version="1.0" encoding="UTF-8"?>
<testsuite name="com.kjh.webservice.service.SongsServiceTest" tests="1" skipped="0" failures="0" errors="0" timestamp="2020-07-26T13:06:14" hostname="v3ui-MacBook-Pro.local" time="0.15">
  <properties/>
  <testcase name="Dto데이터가_songs테이블에_저장된다" classname="com.kjh.webservice.service.SongsServiceTest" time="0.15"/>
  <system-out><![CDATA[
  .   ____          _            __ _ _
 /\\ / ___'_ __ _ _(_)_ __  __ _ \ \ \ \
( ( )\___ | '_ | '_| | '_ \/ _` | \ \ \ \
 \\/  ___)| |_)| | | | | || (_| |  ) ) ) )
  '  |____| .__|_| |_|_| |_\__, | / / / /
 =========|_|==============|___/=/_/_/_/
 :: Spring Boot ::        (v2.3.1.RELEASE)

2020-07-26 22:06:08.611  WARN 99932 --- [    Test worker] o.s.boot.StartupInfoLogger               : InetAddress.getLocalHost().getHostName() took 5002 milliseconds to respond. Please verify your network configuration (macOS machines may need to add entries to /etc/hosts).
2020-07-26 22:06:13.616  INFO 99932 --- [    Test worker] c.k.webservice.service.SongsServiceTest  : Starting SongsServiceTest on v3ui-MacBook-Pro.local with PID 99932 (started by v3n in /Users/v3n/Desktop/karaoke-webservice)
2020-07-26 22:06:13.616  INFO 99932 --- [    Test worker] c.k.webservice.service.SongsServiceTest  : The following profiles are active: local
2020-07-26 22:06:13.867  INFO 99932 --- [    Test worker] .s.d.r.c.RepositoryConfigurationDelegate : Bootstrapping Spring Data JPA repositories in DEFERRED mode.
2020-07-26 22:06:13.876  INFO 99932 --- [    Test worker] .s.d.r.c.RepositoryConfigurationDelegate : Finished Spring Data repository scanning in 8ms. Found 1 JPA repository interfaces.
2020-07-26 22:06:13.952  INFO 99932 --- [    Test worker] trationDelegate$BeanPostProcessorChecker : Bean 'pl.allegro.tech.boot.autoconfigure.handlebars.HandlebarsHelpersAutoConfiguration' of type [pl.allegro.tech.boot.autoconfigure.handlebars.HandlebarsHelpersAutoConfiguration$$EnhancerBySpringCGLIB$$7171d7a4] is not eligible for getting processed by all BeanPostProcessors (for example: not eligible for auto-proxying)
2020-07-26 22:06:13.966  INFO 99932 --- [    Test worker] trationDelegate$BeanPostProcessorChecker : Bean 'handlebars.resolver-pl.allegro.tech.boot.autoconfigure.handlebars.HandlebarsValueResolversProperties' of type [pl.allegro.tech.boot.autoconfigure.handlebars.HandlebarsValueResolversProperties] is not eligible for getting processed by all BeanPostProcessors (for example: not eligible for auto-proxying)
2020-07-26 22:06:13.969  INFO 99932 --- [    Test worker] trationDelegate$BeanPostProcessorChecker : Bean 'handlebars-pl.allegro.tech.boot.autoconfigure.handlebars.HandlebarsProperties' of type [pl.allegro.tech.boot.autoconfigure.handlebars.HandlebarsProperties] is not eligible for getting processed by all BeanPostProcessors (for example: not eligible for auto-proxying)
2020-07-26 22:06:13.970  INFO 99932 --- [    Test worker] trationDelegate$BeanPostProcessorChecker : Bean 'pl.allegro.tech.boot.autoconfigure.handlebars.HandlebarsAutoConfiguration$HandlebarsViewResolverConfiguration' of type [pl.allegro.tech.boot.autoconfigure.handlebars.HandlebarsAutoConfiguration$HandlebarsViewResolverConfiguration$$EnhancerBySpringCGLIB$$84590242] is not eligible for getting processed by all BeanPostProcessors (for example: not eligible for auto-proxying)
2020-07-26 22:06:13.979  INFO 99932 --- [    Test worker] trationDelegate$BeanPostProcessorChecker : Bean 'handlebarsViewResolver' of type [com.github.jknack.handlebars.springmvc.HandlebarsViewResolver] is not eligible for getting processed by all BeanPostProcessors (for example: not eligible for auto-proxying)
2020-07-26 22:06:14.039  INFO 99932 --- [    Test worker] o.s.s.concurrent.ThreadPoolTaskExecutor  : Initializing ExecutorService 'applicationTaskExecutor'
2020-07-26 22:06:14.042  INFO 99932 --- [    Test worker] com.zaxxer.hikari.HikariDataSource       : HikariPool-2 - Starting...
2020-07-26 22:06:14.046  INFO 99932 --- [    Test worker] com.zaxxer.hikari.HikariDataSource       : HikariPool-2 - Start completed.
2020-07-26 22:06:14.058  INFO 99932 --- [         task-1] o.hibernate.jpa.internal.util.LogHelper  : HHH000204: Processing PersistenceUnitInfo [
	name: default
	...]
2020-07-26 22:06:14.066  INFO 99932 --- [         task-1] org.hibernate.dialect.Dialect            : HHH000400: Using dialect: org.hibernate.dialect.H2Dialect
Hibernate: drop table songs if exists
Hibernate: create table songs (id bigint generated by default as identity, created_date timestamp, modified_date timestamp, artist varchar(500) not null, link varchar(255) not null, title varchar(500) not null, type varchar(255) not null, views integer not null, primary key (id))
2020-07-26 22:06:14.089  INFO 99932 --- [         task-1] o.h.t.schema.internal.SchemaCreatorImpl  : HHH000476: Executing import script 'org.hibernate.tool.schema.internal.exec.ScriptSourceInputNonExistentImpl@1e401638'
2020-07-26 22:06:14.090  INFO 99932 --- [         task-1] j.LocalContainerEntityManagerFactoryBean : Initialized JPA EntityManagerFactory for persistence unit 'default'
2020-07-26 22:06:14.186  WARN 99932 --- [    Test worker] JpaBaseConfiguration$JpaWebConfiguration : spring.jpa.open-in-view is enabled by default. Therefore, database queries may be performed during view rendering. Explicitly configure spring.jpa.open-in-view to disable this warning
2020-07-26 22:06:14.617  INFO 99932 --- [    Test worker] o.s.b.a.e.web.EndpointLinksResolver      : Exposing 2 endpoint(s) beneath base path '/actuator'
2020-07-26 22:06:14.646  INFO 99932 --- [    Test worker] DeferredRepositoryInitializationListener : Triggering deferred initialization of Spring Data repositories…
2020-07-26 22:06:14.683  INFO 99932 --- [    Test worker] o.h.h.i.QueryTranslatorFactoryInitiator  : HHH000397: Using ASTQueryTranslatorFactory
2020-07-26 22:06:14.690  INFO 99932 --- [    Test worker] DeferredRepositoryInitializationListener : Spring Data repositories initialized!
2020-07-26 22:06:14.697  INFO 99932 --- [    Test worker] c.k.webservice.service.SongsServiceTest  : Started SongsServiceTest in 16.119 seconds (JVM running for 38.213)
Hibernate: insert into songs (id, created_date, modified_date, artist, link, title, type, views) values (null, ?, ?, ?, ?, ?, ?, ?)
Hibernate: select songs0_.id as id1_0_, songs0_.created_date as created_2_0_, songs0_.modified_date as modified3_0_, songs0_.artist as artist4_0_, songs0_.link as link5_0_, songs0_.title as title6_0_, songs0_.type as type7_0_, songs0_.views as views8_0_ from songs songs0_
Hibernate: select songs0_.id as id1_0_, songs0_.created_date as created_2_0_, songs0_.modified_date as modified3_0_, songs0_.artist as artist4_0_, songs0_.link as link5_0_, songs0_.title as title6_0_, songs0_.type as type7_0_, songs0_.views as views8_0_ from songs songs0_
Hibernate: delete from songs where id=?
]]></system-out>
  <system-err><![CDATA[]]></system-err>
</testsuite>
